<?xml version="1.0" encoding="UTF-8"?>
<!-- Generated by org.testng.reporters.JUnitReportReporter -->
<testsuite hostname="DESKTOP-54QPP9V" failures="0" tests="1" name="TestNG.Explicity" time="0.102" errors="0" timestamp="2022-06-07T16:09:49 IST" skipped="0">
  <testcase classname="TestNG.Explicity" name="login" time="0.102"/>
  <system-out/>
</testsuite> <!-- TestNG.Explicity -->
