<?xml version="1.0" encoding="UTF-8"?>
<!-- Generated by org.testng.reporters.JUnitReportReporter -->
<testsuite hostname="DESKTOP-54QPP9V" failures="0" tests="2" name="Pom.LoginTest" time="8.299" errors="0" timestamp="2022-06-10T12:16:31 IST" skipped="0">
  <testcase classname="Pom.LoginTest" name="verfiyButton" time="0.146"/>
  <system-out/>
  <testcase classname="Pom.LoginTest" name="login" time="8.153"/>
  <system-out/>
</testsuite> <!-- Pom.LoginTest -->
