<?xml version="1.0" encoding="UTF-8"?>
<!-- Generated by org.testng.reporters.JUnitReportReporter -->
<testsuite hostname="DESKTOP-54QPP9V" failures="0" tests="2" name="TestNG.CF$TC4" time="0.006" errors="0" timestamp="2022-06-02T07:13:53 IST" skipped="0">
  <testcase classname="TestNG.CF$TC4" name="delete" time="0.004"/>
  <system-out/>
  <testcase classname="TestNG.CF$TC4" name="update" time="0.002"/>
  <system-out/>
</testsuite> <!-- TestNG.CF$TC4 -->
