<?xml version="1.0" encoding="UTF-8"?>
<!-- Generated by org.testng.reporters.JUnitReportReporter -->
<testsuite hostname="DESKTOP-54QPP9V" failures="0" tests="1" name="TestNG.Pra" time="0.163" errors="0" timestamp="2022-06-07T14:45:47 IST" skipped="0">
  <testcase classname="TestNG.Pra" name="Text" time="0.163"/>
  <system-out/>
</testsuite> <!-- TestNG.Pra -->
