<?xml version="1.0" encoding="UTF-8"?>
<!-- Generated by org.testng.reporters.JUnitReportReporter -->
<testsuite hostname="DESKTOP-54QPP9V" failures="0" tests="1" name="TestNG.P" time="12.228" errors="0" timestamp="2022-06-07T15:53:31 IST" skipped="0">
  <testcase classname="TestNG.P" name="displaybutton" time="12.228"/>
  <system-out/>
</testsuite> <!-- TestNG.P -->
