<?xml version="1.0" encoding="UTF-8"?>
<!-- Generated by org.testng.reporters.JUnitReportReporter -->
<testsuite hostname="DESKTOP-54QPP9V" failures="0" tests="1" name="TestNG.FirstTestcase" time="0.015" errors="0" timestamp="2022-05-26T10:11:03 IST" skipped="0">
  <testcase classname="TestNG.FirstTestcase" name="FirstTestClass" time="0.015"/>
  <system-out/>
</testsuite> <!-- TestNG.FirstTestcase -->
