<?xml version="1.0" encoding="UTF-8"?>
<!-- Generated by org.testng.reporters.JUnitReportReporter -->
<testsuite hostname="DESKTOP-54QPP9V" failures="0" tests="1" name="testNG1.T2" time="10.501" errors="0" timestamp="2022-06-08T20:05:59 IST" skipped="0">
  <testcase classname="testNG1.T2" name="displaybutton" time="10.501"/>
  <system-out/>
</testsuite> <!-- testNG1.T2 -->
