<?xml version="1.0" encoding="UTF-8"?>
<!-- Generated by org.testng.reporters.JUnitReportReporter -->
<testsuite hostname="DESKTOP-54QPP9V" failures="0" tests="1" name="TestNG.TC5" time="10.079" errors="0" timestamp="2022-06-06T13:34:00 IST" skipped="0">
  <testcase classname="TestNG.TC5" name="login" time="10.079"/>
  <system-out/>
</testsuite> <!-- TestNG.TC5 -->
