<?xml version="1.0" encoding="UTF-8"?>
<!-- Generated by org.testng.reporters.JUnitReportReporter -->
<testsuite hostname="DESKTOP-54QPP9V" failures="0" tests="1" name="TestNG.T0" time="0.349" errors="0" timestamp="2022-06-06T17:09:18 IST" skipped="0">
  <testcase classname="TestNG.T0" name="login" time="0.349"/>
  <system-out/>
</testsuite> <!-- TestNG.T0 -->
